<?xml version="1.0" encoding="UTF-8"?>
<testsuite name="WallServiceTest" tests="1" skipped="0" failures="0" errors="0" timestamp="2021-03-05T17:07:24" hostname="LAPTOP-G43A725R" time="0.583">
  <properties/>
  <testcase name="update_TestTrue" classname="WallServiceTest" time="0.583"/>
  <system-out><![CDATA[]]></system-out>
  <system-err><![CDATA[]]></system-err>
</testsuite>
